  test2.cpp
C:\Users\user\Desktop\test2\test2\test2.cpp(8,12): warning C4101: 'large_value' :참조되지 않은 지역 변수입니다.
C:\Users\user\Desktop\test2\test2\test2.cpp(11,9): error C4430: 형식 지정자가 없습니다. int로 가정합니다. 참고: C++에서는 기본 int를 지원하지 않습니다.
C:\Users\user\Desktop\test2\test2\test2.cpp(12,9): error C4430: 형식 지정자가 없습니다. int로 가정합니다. 참고: C++에서는 기본 int를 지원하지 않습니다.
C:\Users\user\Desktop\test2\test2\test2.cpp(13,15): error C4430: 형식 지정자가 없습니다. int로 가정합니다. 참고: C++에서는 기본 int를 지원하지 않습니다.
C:\Users\user\Desktop\test2\test2\test2.cpp(15,40): error C2228: '.total_sale' 왼쪽에는 클래스/구조체/공용 구조체가 있어야 합니다.
C:\Users\user\Desktop\test2\test2\test2.cpp(15,40): message : 'const char [18]' 형식입니다.
C:\Users\user\Desktop\test2\test2\test2.cpp(15,40): error C4430: 형식 지정자가 없습니다. int로 가정합니다. 참고: C++에서는 기본 int를 지원하지 않습니다.
C:\Users\user\Desktop\test2\test2\test2.cpp(15,2): error C2365: 'printf': 재정의: 이전 정의는 '함수'입니다.
C:\Program Files (x86)\Windows Kits\10\Include\10.0.18362.0\ucrt\stdio.h(948): message : 'printf' 선언을 참조하십시오.
C:\Users\user\Desktop\test2\test2\test2.cpp(16,2): error C2059: 구문 오류: 'return'
C:\Users\user\Desktop\test2\test2\test2.cpp(17,2): error C2059: 구문 오류: '}'
C:\Users\user\Desktop\test2\test2\test2.cpp(17,2): error C2143: 구문 오류: ';'이(가) '}' 앞에 없습니다.
